<?xml version="1.0" encoding="UTF-8"?>
<!-- Generated by org.testng.reporters.JUnitXMLReporter -->
<testsuite ignored="0" hostname="DESKTOP-GA3FTFK" failures="0" tests="5" name="Test2" time="53.644" errors="0" timestamp="2023-06-16T10:00:49 IST">
  <testcase classname="sampleproj.sampleproj.LoginTest" name="login" time="13.167"/>
  <testcase classname="sampleproj.sampleproj.LoginTest" name="login" time="8.764"/>
  <testcase classname="sampleproj.sampleproj.LoginTest" name="login" time="9.302"/>
  <testcase classname="sampleproj.sampleproj.LoginTest" name="login" time="10.197"/>
  <testcase classname="sampleproj.sampleproj.LoginTest" name="login" time="6.768"/>
</testsuite> <!-- Test2 -->
