<?xml version="1.0" encoding="UTF-8"?>
<!-- Generated by org.testng.reporters.JUnitXMLReporter -->
<testsuite ignored="0" hostname="DESKTOP-GA3FTFK" failures="1" tests="1" name="Test" time="0.609" errors="0" timestamp="2023-06-10T09:24:35 IST">
  <testcase classname="sampleproj.sampleproj.LoginTest" name="login" time="0.0">
    <failure type="org.testng.TestNGException" message="
Method public void sampleproj.sampleproj.LoginTest.login(java.lang.String,java.lang.String) requires a @DataProvider named : Login">
      <![CDATA[org.testng.TestNGException: 
Method public void sampleproj.sampleproj.LoginTest.login(java.lang.String,java.lang.String) requires a @DataProvider named : Login
at java.base/java.util.ArrayList.forEach(ArrayList.java:1511)
... Removed 24 stack frames]]>
    </failure>
  </testcase> <!-- login -->
</testsuite> <!-- Test -->
