<?xml version="1.0" encoding="UTF-8"?>
<!-- Generated by org.testng.reporters.JUnitXMLReporter -->
<testsuite ignored="0" hostname="DESKTOP-GA3FTFK" failures="2" tests="5" name="Test2" time="43.658" errors="0" timestamp="2023-06-16T10:38:01 IST">
  <testcase classname="sampleproj.sampleproj.LoginTest" name="login" time="9.273"/>
  <testcase classname="sampleproj.sampleproj.LoginTest" name="login" time="10.269"/>
  <testcase classname="sampleproj.sampleproj.LoginTest" name="login" time="11.584"/>
  <testcase classname="sampleproj.sampleproj.LoginTest" name="login" time="14.018">
    <failure type="java.lang.AssertionError" message="expected [admin123] but found [admin12345]">
      <![CDATA[java.lang.AssertionError: expected [admin123] but found [admin12345]
at sampleproj.sampleproj.LoginTest.login(LoginTest.java:42)
at java.base/java.util.concurrent.FutureTask.run(FutureTask.java:317)
at java.base/java.util.concurrent.Executors$RunnableAdapter.call(Executors.java:577)
at java.base/java.util.concurrent.FutureTask.run(FutureTask.java:317)
at java.base/java.util.concurrent.ThreadPoolExecutor.runWorker(ThreadPoolExecutor.java:1144)
at java.base/java.util.concurrent.ThreadPoolExecutor$Worker.run(ThreadPoolExecutor.java:642)
at java.base/java.lang.Thread.run(Thread.java:1589)
... Removed 13 stack frames]]>
    </failure>
  </testcase> <!-- login -->
  <testcase classname="sampleproj.sampleproj.LoginTest" name="login" time="12.269">
    <failure type="java.lang.AssertionError" message="expected [admin123] but found [admin12345]">
      <![CDATA[java.lang.AssertionError: expected [admin123] but found [admin12345]
at sampleproj.sampleproj.LoginTest.login(LoginTest.java:42)
at java.base/java.util.concurrent.FutureTask.run(FutureTask.java:317)
at java.base/java.util.concurrent.Executors$RunnableAdapter.call(Executors.java:577)
at java.base/java.util.concurrent.FutureTask.run(FutureTask.java:317)
at java.base/java.util.concurrent.ThreadPoolExecutor.runWorker(ThreadPoolExecutor.java:1144)
at java.base/java.util.concurrent.ThreadPoolExecutor$Worker.run(ThreadPoolExecutor.java:642)
at java.base/java.lang.Thread.run(Thread.java:1589)
... Removed 13 stack frames]]>
    </failure>
  </testcase> <!-- login -->
</testsuite> <!-- Test2 -->
