<?xml version="1.0" encoding="UTF-8"?>
<!-- Generated by org.testng.reporters.JUnitXMLReporter -->
<testsuite ignored="0" hostname="DESKTOP-GA3FTFK" failures="1" tests="2" name="Test2" time="20.499" errors="0" timestamp="2023-06-10T11:54:53 IST">
  <testcase classname="sampleproj.sampleproj.LoginTest" name="login" time="10.886"/>
  <testcase classname="sampleproj.sampleproj.LoginTest" name="login" time="7.733">
    <failure type="java.lang.AssertionError" message="expected [admin123] but found [admin12345]">
      <![CDATA[java.lang.AssertionError: expected [admin123] but found [admin12345]
at sampleproj.sampleproj.LoginTest.login(LoginTest.java:28)
at java.base/java.util.ArrayList.forEach(ArrayList.java:1511)
... Removed 35 stack frames]]>
    </failure>
  </testcase> <!-- login -->
</testsuite> <!-- Test2 -->
