<?xml version="1.0" encoding="UTF-8"?>
<testng-results ignored="0" total="1" passed="1" failed="0" skipped="0">
  <reporter-output>
  </reporter-output>
  <suite started-at="2023-06-16T10:33:21 IST" name="Suite" finished-at="2023-06-16T10:34:08 IST" duration-ms="46448">
    <groups>
    </groups>
    <test started-at="2023-06-16T10:33:21 IST" name="Test1" finished-at="2023-06-16T10:34:08 IST" duration-ms="46448">
      <class name="sampleproj.sampleproj.LoginTest">
        <test-method is-config="true" signature="suiteConfig()[pri:0, instance:sampleproj.sampleproj.LoginTest@5e01a982]" started-at="2023-06-16T10:33:21 IST" name="suiteConfig" finished-at="2023-06-16T10:33:21 IST" duration-ms="517" status="PASS">
          <reporter-output>
          </reporter-output>
        </test-method> <!-- suiteConfig -->
        <test-method is-config="true" signature="beforeTest(org.testng.ITestContext)[pri:0, instance:sampleproj.sampleproj.LoginTest@5e01a982]" started-at="2023-06-16T10:33:21 IST" name="beforeTest" finished-at="2023-06-16T10:33:21 IST" duration-ms="18" status="PASS">
          <params>
            <param index="0">
              <value>
                <![CDATA[org.testng.TestRunner@105db94d]]>
              </value>
            </param>
          </params>
          <reporter-output>
          </reporter-output>
        </test-method> <!-- beforeTest -->
        <test-method is-config="true" signature="beforeMethod(java.lang.String,java.lang.reflect.Method)[pri:0, instance:sampleproj.sampleproj.LoginTest@5e01a982]" started-at="2023-06-16T10:33:21 IST" name="beforeMethod" finished-at="2023-06-16T10:33:35 IST" duration-ms="13887" status="PASS">
          <params>
            <param index="0">
              <value>
                <![CDATA[Chrome]]>
              </value>
            </param>
            <param index="1">
              <value>
                <![CDATA[public void sampleproj.sampleproj.LoginTest.testDb(java.lang.reflect.Method) throws java.lang.Exception]]>
              </value>
            </param>
          </params>
          <reporter-output>
          </reporter-output>
        </test-method> <!-- beforeMethod -->
        <test-method signature="testDb(java.lang.reflect.Method)[pri:0, instance:sampleproj.sampleproj.LoginTest@5e01a982]" started-at="2023-06-16T10:33:35 IST" name="testDb" finished-at="2023-06-16T10:34:07 IST" duration-ms="31625" status="PASS">
          <params>
            <param index="0">
              <value>
                <![CDATA[public void sampleproj.sampleproj.LoginTest.testDb(java.lang.reflect.Method) throws java.lang.Exception]]>
              </value>
            </param>
          </params>
          <reporter-output>
          </reporter-output>
        </test-method> <!-- testDb -->
        <test-method is-config="true" signature="atest(java.lang.reflect.Method,org.testng.ITestResult)[pri:0, instance:sampleproj.sampleproj.LoginTest@5e01a982]" started-at="2023-06-16T10:34:07 IST" name="atest" finished-at="2023-06-16T10:34:07 IST" duration-ms="299" status="PASS">
          <params>
            <param index="0">
              <value>
                <![CDATA[public void sampleproj.sampleproj.LoginTest.testDb(java.lang.reflect.Method) throws java.lang.Exception]]>
              </value>
            </param>
            <param index="1">
              <value>
                <![CDATA[[TestResult name=testDb status=SUCCESS method=LoginTest.testDb(java.lang.reflect.Method)[pri:0, instance:sampleproj.sampleproj.LoginTest@5e01a982] output={null}]]]>
              </value>
            </param>
          </params>
          <reporter-output>
          </reporter-output>
        </test-method> <!-- atest -->
        <test-method is-config="true" signature="atest()[pri:0, instance:sampleproj.sampleproj.LoginTest@5e01a982]" started-at="2023-06-16T10:34:07 IST" name="atest" finished-at="2023-06-16T10:34:08 IST" duration-ms="549" status="PASS">
          <reporter-output>
          </reporter-output>
        </test-method> <!-- atest -->
      </class> <!-- sampleproj.sampleproj.LoginTest -->
    </test> <!-- Test1 -->
  </suite> <!-- Suite -->
</testng-results>
