<?xml version="1.0" encoding="UTF-8"?>
<testng-results ignored="0" total="3" passed="3" failed="0" skipped="0">
  <reporter-output>
  </reporter-output>
  <suite started-at="2023-06-12T09:56:35 IST" name="Suite" finished-at="2023-06-12T09:57:01 IST" duration-ms="26412">
    <groups>
    </groups>
    <test started-at="2023-06-12T09:56:35 IST" name="Test3" finished-at="2023-06-12T09:56:59 IST" duration-ms="24497">
      <class name="sampleproj.sampleproj.GridEdgeExample">
        <test-method is-config="true" signature="setDriver(java.lang.String)[pri:0, instance:sampleproj.sampleproj.GridEdgeExample@752325ad]" started-at="2023-06-12T09:56:35 IST" name="setDriver" finished-at="2023-06-12T09:56:41 IST" duration-ms="5968" status="PASS">
          <params>
            <param index="0">
              <value>
                <![CDATA[MicrosoftEdge]]>
              </value>
            </param>
          </params>
          <reporter-output>
          </reporter-output>
        </test-method> <!-- setDriver -->
        <test-method signature="edgetest()[pri:0, instance:sampleproj.sampleproj.GridEdgeExample@752325ad]" started-at="2023-06-12T09:56:41 IST" name="edgetest" finished-at="2023-06-12T09:56:59 IST" duration-ms="18472" status="PASS">
          <reporter-output>
          </reporter-output>
        </test-method> <!-- edgetest -->
        <test-method is-config="true" signature="closeBrowser()[pri:0, instance:sampleproj.sampleproj.GridEdgeExample@752325ad]" started-at="2023-06-12T09:56:59 IST" name="closeBrowser" finished-at="2023-06-12T09:56:59 IST" duration-ms="1" status="PASS">
          <reporter-output>
          </reporter-output>
        </test-method> <!-- closeBrowser -->
      </class> <!-- sampleproj.sampleproj.GridEdgeExample -->
    </test> <!-- Test3 -->
    <test started-at="2023-06-12T09:56:35 IST" name="Test2" finished-at="2023-06-12T09:57:01 IST" duration-ms="26163">
      <class name="sampleproj.sampleproj.GridFirefoxExample">
        <test-method is-config="true" signature="setDriver(java.lang.String)[pri:0, instance:sampleproj.sampleproj.GridFirefoxExample@2aceadd4]" started-at="2023-06-12T09:56:35 IST" name="setDriver" finished-at="2023-06-12T09:56:43 IST" duration-ms="8000" status="PASS">
          <params>
            <param index="0">
              <value>
                <![CDATA[firefox]]>
              </value>
            </param>
          </params>
          <reporter-output>
          </reporter-output>
        </test-method> <!-- setDriver -->
        <test-method signature="firefoxtest()[pri:0, instance:sampleproj.sampleproj.GridFirefoxExample@2aceadd4]" started-at="2023-06-12T09:56:43 IST" name="firefoxtest" finished-at="2023-06-12T09:57:01 IST" duration-ms="18113" status="PASS">
          <reporter-output>
          </reporter-output>
        </test-method> <!-- firefoxtest -->
        <test-method is-config="true" signature="closeBrowser()[pri:0, instance:sampleproj.sampleproj.GridFirefoxExample@2aceadd4]" started-at="2023-06-12T09:57:01 IST" name="closeBrowser" finished-at="2023-06-12T09:57:01 IST" duration-ms="1" status="PASS">
          <reporter-output>
          </reporter-output>
        </test-method> <!-- closeBrowser -->
      </class> <!-- sampleproj.sampleproj.GridFirefoxExample -->
    </test> <!-- Test2 -->
    <test started-at="2023-06-12T09:56:35 IST" name="Test1" finished-at="2023-06-12T09:57:01 IST" duration-ms="26412">
      <class name="sampleproj.sampleproj.GridChromeExample">
        <test-method is-config="true" signature="setDriver(java.lang.String)[pri:0, instance:sampleproj.sampleproj.GridChromeExample@765d7657]" started-at="2023-06-12T09:56:35 IST" name="setDriver" finished-at="2023-06-12T09:56:43 IST" duration-ms="8355" status="PASS">
          <params>
            <param index="0">
              <value>
                <![CDATA[chrome]]>
              </value>
            </param>
          </params>
          <reporter-output>
          </reporter-output>
        </test-method> <!-- setDriver -->
        <test-method signature="chrometest()[pri:0, instance:sampleproj.sampleproj.GridChromeExample@765d7657]" started-at="2023-06-12T09:56:43 IST" name="chrometest" finished-at="2023-06-12T09:57:01 IST" duration-ms="18008" status="PASS">
          <reporter-output>
          </reporter-output>
        </test-method> <!-- chrometest -->
        <test-method is-config="true" signature="closeBrowser()[pri:0, instance:sampleproj.sampleproj.GridChromeExample@765d7657]" started-at="2023-06-12T09:57:01 IST" name="closeBrowser" finished-at="2023-06-12T09:57:01 IST" duration-ms="0" status="PASS">
          <reporter-output>
          </reporter-output>
        </test-method> <!-- closeBrowser -->
      </class> <!-- sampleproj.sampleproj.GridChromeExample -->
    </test> <!-- Test1 -->
  </suite> <!-- Suite -->
</testng-results>
